#
# A fatal error has been detected by the Java Runtime Environment:
#
#  Internal Error (javaClasses.cpp:129), pid=3984, tid=9128
#  fatal error: Invalid layout of preloaded class
#
# JRE version: 7.0_09-b05
# Java VM: Java HotSpot(TM) 64-Bit Server VM (23.5-b02 mixed mode windows-amd64 compressed oops)
# Failed to write core dump. Minidumps are not enabled by default on client versions of Windows
#
# If you would like to submit a bug report, please visit:
#   http://bugreport.sun.com/bugreport/crash.jsp
#

---------------  T H R E A D  ---------------

Current thread (0x000000000218d000):  JavaThread "Unknown thread" [_thread_in_vm, id=9128, stack(0x00000000024f0000,0x00000000025f0000)]

Stack: [0x00000000024f0000,0x00000000025f0000]

---------------  P R O C E S S  ---------------

Java Threads: ( => current thread )

Other Threads:

=>0x000000000218d000 (exited) JavaThread "Unknown thread" [_thread_in_vm, id=9128, stack(0x00000000024f0000,0x00000000025f0000)]

VM state:not at safepoint (not fully initialized)

VM Mutex/Monitor currently owned by a thread: None

GC Heap History (0 events):
No events

Deoptimization events (0 events):
No events

Internal exceptions (0 events):
No events

Events (10 events):
Event: 0.010 loading class 0x0000000002210580 done
Event: 0.010 loading class 0x00000000021d2a50 done
Event: 0.010 loading class 0x00000000021d2a20
Event: 0.010 loading class 0x000000000b63cd70
Event: 0.010 loading class 0x000000000b63cd70 done
Event: 0.010 loading class 0x000000000b63cdb0
Event: 0.010 loading class 0x000000000b63cdb0 done
Event: 0.010 loading class 0x000000000b63e140
Event: 0.010 loading class 0x000000000b63e140 done
Event: 0.010 loading class 0x00000000021d2a20 done


Dynamic libraries:
0x000000013fb00000 - 0x000000013fb34000 	C:\Program Files\Java\jre7\bin\javaw.exe
0x0000000077bf0000 - 0x0000000077d99000 	C:\Windows\SYSTEM32\ntdll.dll
0x00000000779d0000 - 0x0000000077aef000 	C:\Windows\system32\kernel32.dll
0x000007fefdc40000 - 0x000007fefdcac000 	C:\Windows\system32\KERNELBASE.dll
0x000007fefed80000 - 0x000007fefee5b000 	C:\Windows\system32\ADVAPI32.dll
0x000007fefef50000 - 0x000007fefefef000 	C:\Windows\system32\msvcrt.dll
0x000007feffa50000 - 0x000007feffa6f000 	C:\Windows\SYSTEM32\sechost.dll
0x000007feffdd0000 - 0x000007feffefd000 	C:\Windows\system32\RPCRT4.dll
0x0000000077af0000 - 0x0000000077bea000 	C:\Windows\system32\USER32.dll
0x000007feffac0000 - 0x000007feffb27000 	C:\Windows\system32\GDI32.dll
0x000007fefef40000 - 0x000007fefef4e000 	C:\Windows\system32\LPK.dll
0x000007feff6e0000 - 0x000007feff7a9000 	C:\Windows\system32\USP10.dll
0x000007fefc090000 - 0x000007fefc284000 	C:\Windows\WinSxS\amd64_microsoft.windows.common-controls_6595b64144ccf1df_6.0.7601.17514_none_fa396087175ac9ac\COMCTL32.dll
0x000007feff9d0000 - 0x000007feffa41000 	C:\Windows\system32\SHLWAPI.dll
0x000007feff6b0000 - 0x000007feff6de000 	C:\Windows\system32\IMM32.DLL
0x000007fefec70000 - 0x000007fefed79000 	C:\Windows\system32\MSCTF.dll
0x00000000716d0000 - 0x00000000717a1000 	C:\Program Files\Java\jre7\bin\msvcr100.dll
0x0000000066dd0000 - 0x00000000674ef000 	C:\Program Files\Java\jre7\bin\server\jvm.dll
0x000007fef9900000 - 0x000007fef9909000 	C:\Windows\system32\WSOCK32.dll
0x000007feffa70000 - 0x000007feffabd000 	C:\Windows\system32\WS2_32.dll
0x000007feff7b0000 - 0x000007feff7b8000 	C:\Windows\system32\NSI.dll
0x000007fefb3a0000 - 0x000007fefb3db000 	C:\Windows\system32\WINMM.dll
0x0000000077dc0000 - 0x0000000077dc7000 	C:\Windows\system32\PSAPI.DLL
0x00000000753b0000 - 0x00000000753bf000 	C:\Program Files\Java\jre7\bin\verify.dll
0x0000000074a20000 - 0x0000000074a48000 	C:\Program Files\Java\jre7\bin\java.dll
0x0000000075390000 - 0x00000000753a5000 	C:\Program Files\Java\jre7\bin\zip.dll

VM Arguments:
jvm_args: -Dfile.encoding=Cp1252 -Xbootclasspath:C:\Program Files (x86)\Android\android-sdk\platforms\android-17\android.jar 
java_command: edu.dartmouth.cs.myruns5.WekaWrapper
Launcher Type: SUN_STANDARD

Environment Variables:
PATH=C:\Program Files\Common Files\Microsoft Shared\Windows Live;C:\Program Files (x86)\Common Files\Microsoft Shared\Windows Live;C:\Windows\system32;C:\Windows;C:\Windows\System32\Wbem;C:\Windows\System32\WindowsPowerShell\v1.0\;C:\Program Files (x86)\Intel\OpenCL SDK\2.0\bin\x86;C:\Program Files (x86)\Intel\OpenCL SDK\2.0\bin\x64;c:\Program Files (x86)\Microsoft SQL Server\90\Tools\binn\;c:\Program Files (x86)\Microsoft SQL Server\100\Tools\Binn\VSShell\Common7\IDE\;c:\Program Files (x86)\Microsoft SQL Server\100\Tools\Binn\;c:\Program Files\Microsoft SQL Server\100\Tools\Binn\;c:\Program Files (x86)\Microsoft SQL Server\100\DTS\Binn\;c:\Program Files\Microsoft SQL Server\100\DTS\Binn\;C:\Program Files (x86)\Git\cmd;C:\Program Files (x86)\Git\bin;C:\Users\Lohith\AppData\Local\Smartbar\Application\;C:\Users\Lohith\AppData\Local\Smartbar\Application\;C:\Program Files (x86)\scala\\bin;C:\Program Files\R\R-2.15.3\bin\x64;C:\Program Files\Microsoft\Web Platform Installer\;C:\Program Files (x86)\Microsoft ASP.NET\ASP.NET Web Pages\v1.0\;C:\Program Files (x86)\Windows Kits\8.0\Windows Performance Toolkit\;C:\Program Files\Microsoft SQL Server\110\Tools\Binn\;C:\Python33\;C:\Program Files (x86)\Windows Live\Shared
USERNAME=Lohith
OS=Windows_NT
PROCESSOR_IDENTIFIER=Intel64 Family 6 Model 58 Stepping 9, GenuineIntel



---------------  S Y S T E M  ---------------

OS: Windows 7 , 64 bit Build 7601 Service Pack 1

CPU:total 4 (2 cores per cpu, 2 threads per core) family 6 model 58 stepping 9, cmov, cx8, fxsr, mmx, sse, sse2, sse3, ssse3, sse4.1, sse4.2, popcnt, avx, ht, tsc, tscinvbit, tscinv

Memory: 4k page, physical 8288620k(4864476k free), swap 16575380k(11936672k free)

vm_info: Java HotSpot(TM) 64-Bit Server VM (23.5-b02) for windows-amd64 JRE (1.7.0_09-b05), built on Sep 24 2012 21:45:04 by "java_re" with unknown MS VC++:1600

time: Fri Oct 11 16:20:24 2013
elapsed time: 0 seconds

